2026/04/05 11:01:26 ✓ Database connection established
2026/04/05 11:01:26 REST API server listening on :8080
2026/04/05 11:01:26 POST /analytics/events 200 266.083µs
2026/04/05 11:01:27 GET /health 200 33.375µs
2026/04/05 11:01:49 GET /achievements 200 7.587917ms
2026/04/05 11:01:50 GET /achievements/has-new 200 3.820334ms
2026/04/05 11:01:56 POST /analytics/events 200 55.583µs
2026/04/05 11:02:02 GET /achievements/has-new 200 1.165958ms
2026/04/05 11:02:02 GET /achievements 200 1.666208ms
2026/04/05 11:02:02 GET /achievements/stats 200 8.06025ms
2026/04/05 11:02:12 POST /analytics/events 200 174.166µs
2026/04/05 11:02:22 POST /analytics/events 200 56.75µs
2026/04/05 11:02:32 POST /analytics/events 200 66.709µs
2026/04/05 11:02:32 GET /achievements/has-new 200 1.7375ms
2026/04/05 11:02:42 POST /analytics/events 200 53.708µs
2026/04/05 11:03:02 POST /analytics/events 200 60.959µs
2026/04/05 11:03:02 GET /achievements/has-new 200 1.079875ms
2026/04/05 11:03:08 POST /analytics/events 200 135.833µs
2026/04/05 11:03:10 GET /achievements/has-new 200 3.391833ms
2026/04/05 11:03:10 GET /achievements/stats 200 2.509792ms
2026/04/05 11:03:10 GET /achievements 200 13.906458ms
2026/04/05 11:03:20 POST /analytics/events 200 66.333µs
2026/04/05 11:03:30 POST /analytics/events 200 135.291µs
2026/04/05 11:03:40 GET /achievements/has-new 200 2.629708ms
2026/04/05 11:03:50 POST /analytics/events 200 42.667µs
2026/04/05 11:04:10 OPTIONS /achievements/has-new 204 24.125µs
2026/04/05 11:04:10 GET /achievements/has-new 200 1.731208ms
2026/04/05 11:04:20 POST /analytics/events 200 46.208µs
2026/04/05 11:04:40 GET /achievements/has-new 200 4.5555ms
2026/04/05 11:04:50 POST /analytics/events 200 66.166µs
2026/04/05 11:05:10 GET /achievements/has-new 200 1.8235ms
2026/04/05 11:05:20 POST /analytics/events 200 70.292µs
2026/04/05 11:05:40 GET /achievements/has-new 200 1.6505ms
2026/04/05 11:05:50 POST /analytics/events 200 52.167µs
2026/04/05 11:06:10 GET /achievements/has-new 200 4.562666ms
2026/04/05 11:06:12 GET /api/profile/60e314e8-c8ac-4d2a-8641-14ff53ba108a/achievements 401 26.125µs
2026/04/05 11:06:20 POST /analytics/events 200 108.166µs
2026/04/05 11:06:40 GET /achievements/has-new 200 4.24075ms
2026/04/05 11:06:50 POST /analytics/events 200 108.333µs
2026/04/05 11:07:10 GET /achievements/has-new 200 5.566791ms
2026/04/05 11:07:20 POST /analytics/events 200 112.042µs
2026/04/05 11:07:38 GET /home/1c84c913-19b3-40f7-b3ab-a94f90ce374f 401 22µs
2026/04/05 11:07:40 GET /achievements/has-new 200 1.669375ms
2026/04/05 11:07:47 [UpdateStreakAndActivity] Profile 1c84c913-19b3-40f7-b3ab-a94f90ce374f: last_activity=2026-04-03 08:07, now=2026-04-05 08:07, days_diff=2
2026/04/05 11:07:47 [UpdateStreakAndActivity] Missed days (2), resetting streak: 0 -> 1
2026/04/05 11:07:47 [UpdateStreakAndActivity] Successfully updated profile 1c84c913-19b3-40f7-b3ab-a94f90ce374f: streak=1, last_activity=2026-04-05 08:07:47
2026/04/05 11:07:47 [Store] Achievement progress created: child=1c84c913-19b3-40f7-b3ab-a94f90ce374f, achievement=streak_series_1, progress=1/1, unlocked=true
2026/04/05 11:07:47 [Store] 🎉 Achievement unlocked! child=1c84c913-19b3-40f7-b3ab-a94f90ce374f, achievement=streak_series_1, type=streak_days, value=1
2026/04/05 11:07:47 [Store] Achievement progress created: child=1c84c913-19b3-40f7-b3ab-a94f90ce374f, achievement=streak_series_3, progress=1/3, unlocked=false
2026/04/05 11:07:47 [Store] Achievement progress updated: child=1c84c913-19b3-40f7-b3ab-a94f90ce374f, achievement=achievement_marathoner, progress=1/7, unlocked=false
2026/04/05 11:07:47 [Store] Achievement progress created: child=1c84c913-19b3-40f7-b3ab-a94f90ce374f, achievement=streak_series_7, progress=1/7, unlocked=false
2026/04/05 11:07:47 [Store] Achievement progress created: child=1c84c913-19b3-40f7-b3ab-a94f90ce374f, achievement=streak_series_30, progress=1/30, unlocked=false
2026/04/05 11:07:47 [Store] Achievement progress created: child=1c84c913-19b3-40f7-b3ab-a94f90ce374f, achievement=streak_series_90, progress=1/90, unlocked=false
2026/04/05 11:07:47 [Store] Achievement progress created: child=1c84c913-19b3-40f7-b3ab-a94f90ce374f, achievement=streak_series_180, progress=1/180, unlocked=false
2026/04/05 11:07:47 [Store] Achievement progress created: child=1c84c913-19b3-40f7-b3ab-a94f90ce374f, achievement=streak_series_365, progress=1/365, unlocked=false
2026/04/05 11:07:47 [AchievementService] 🎉 Unlocked 1 streak achievements for child 1c84c913-19b3-40f7-b3ab-a94f90ce374f: [streak_series_1]
2026/04/05 11:07:47 [Store] Achievement progress created: child=1c84c913-19b3-40f7-b3ab-a94f90ce374f, achievement=achievement_collector, progress=1/10, unlocked=false
2026/04/05 11:07:47 GET /home/1c84c913-19b3-40f7-b3ab-a94f90ce374f 200 29.135041ms
2026/04/05 11:07:50 POST /analytics/events 200 67.959µs
2026/04/05 11:08:03 GET /api/profile/1c84c913-19b3-40f7-b3ab-a94f90ce374f/achievements 401 17.5µs
2026/04/05 11:08:09 GET /api/profile/1c84c913-19b3-40f7-b3ab-a94f90ce374f/achievements 401 15.875µs
2026/04/05 11:08:12 GET /achievements/has-new 200 3.073541ms
2026/04/05 11:08:12 GET /achievements/stats 200 3.747916ms
2026/04/05 11:08:12 GET /achievements 200 4.149417ms
2026/04/05 11:08:12 OPTIONS /achievements/mark-viewed 204 4.459µs
2026/04/05 11:08:12 POST /achievements/mark-viewed 200 2.614958ms
2026/04/05 11:08:12 POST /achievements/mark-viewed 200 2.448625ms
2026/04/05 11:08:12 GET /api/profile/1c84c913-19b3-40f7-b3ab-a94f90ce374f/achievements 404 18.292µs
2026/04/05 11:08:17 GET /api/profile/1c84c913-19b3-40f7-b3ab-a94f90ce374f/achievements 404 19.875µs
2026/04/05 11:08:22 POST /analytics/events 200 213.334µs
2026/04/05 11:08:25 GET /achievements 200 3.079458ms
2026/04/05 11:08:29 GET /achievements 200 3.142625ms
2026/04/05 11:08:42 GET /achievements/has-new 200 3.751875ms
2026/04/05 11:08:52 POST /analytics/events 200 99.667µs
2026/04/05 11:09:12 GET /achievements/has-new 200 3.322334ms
2026/04/05 11:09:22 POST /analytics/events 200 38.625µs
2026/04/05 11:09:42 GET /achievements/has-new 200 3.875625ms
2026/04/05 11:09:52 POST /analytics/events 200 43.209µs
2026/04/05 11:10:09 POST /analytics/events 200 83.959µs
2026/04/05 11:10:11 GET /achievements/has-new 200 2.919792ms
2026/04/05 11:10:11 GET /achievements/stats 200 3.142833ms
2026/04/05 11:10:11 GET /achievements 200 3.657625ms
2026/04/05 11:10:21 POST /analytics/events 200 146.25µs
2026/04/05 11:10:33 received signal terminated, starting graceful shutdown
2026/04/05 11:10:33 server stopped gracefully
